<?xml version="1.0" encoding="UTF-8"?>
<!-- Generated by org.testng.reporters.JUnitXMLReporter -->
<testsuite ignored="0" hostname="DESKTOP-VQK48M8" failures="0" tests="4" name="Test" time="11.09" errors="0" timestamp="2023-08-13T23:33:00 IST">
  <testcase classname="pradnya.testcases.TestNGAnnotations" name="TestCase1" time="0.016"/>
  <testcase classname="pradnya.testcases.TestNGAnnotations" name="TestCase2" time="0.007"/>
  <testcase classname="pradnya.testcases.TestNGAnnotations" name="TestCase3" time="0.003"/>
  <testcase classname="pradnya.testcases.TestCase1" name="verifyPageTitle" time="10.916"/>
</testsuite> <!-- Test -->
